
> srecno-ucenje@1.0.0 build
> cross-env NODE_ENV=production next build

  ▲ Next.js 14.2.31
  - Environments: .env.local
  - Experiments (use with caution):
    · esmExternals
    · instrumentationHook

   Creating an optimized production build ...
> [PWA] Compile server
> [PWA] Compile server
> [PWA] Compile client (static)
> [PWA] Auto register service worker with: /Users/nemanjamalisic/Desktop/srecno-ucenje 2/node_modules/next-pwa/register.js
> [PWA] Service worker: /Users/nemanjamalisic/Desktop/srecno-ucenje 2/public/sw.js
> [PWA]   url: /sw.js
> [PWA]   scope: /
 ⚠ Compiled with warnings

./sanity/schemas/documents/modernFranchiseFAQ.ts
Attempted import error: 'QuestionMarkIcon' is not exported from '@sanity/icons' (imported as 'QuestionMarkIcon').

Import trace for requested module:
./sanity/schemas/documents/modernFranchiseFAQ.ts
./sanity/schemas/index.ts
./sanity.config.ts
./app/studio/[[...index]]/page.tsx

/_next/static/chunks/d8e9270f-d7f6238f283bebf5.js is 2.41 MB, and won't be precached. Configure maximumFileSizeToCacheInBytes to change this limit.

./sanity/schemas/documents/modernFranchiseFAQ.ts
Attempted import error: 'QuestionMarkIcon' is not exported from '@sanity/icons' (imported as 'QuestionMarkIcon').

Import trace for requested module:
./sanity/schemas/documents/modernFranchiseFAQ.ts
./sanity/schemas/index.ts
./sanity.config.ts
./app/studio/[[...index]]/page.tsx

   Skipping validation of types
   Skipping linting
   Collecting page data ...
 ⚠ Using edge runtime on a page currently disables static generation for that page
   Generating static pages (0/53) ...
   Generating static pages (13/53) 
   Generating static pages (26/53) 
   Generating static pages (39/53) 
 ✓ Generating static pages (53/53)
   Finalizing page optimization ...
   Collecting build traces ...

Route (app)                                   Size     First Load JS
┌ ○ /                                         6.27 kB         654 kB
├ ○ /_not-found                               159 B           198 kB
├ ƒ /[locale]                                 159 B           198 kB
├ ○ /3d-ucionica                              7.37 kB         667 kB
├ ○ /api/check-env                            0 B                0 B
├ ○ /api/config                               0 B                0 B
├ ƒ /api/contact                              0 B                0 B
├ ƒ /api/franchise-application                0 B                0 B
├ ƒ /api/newsletter                           0 B                0 B
├ ƒ /api/sanity/write                         0 B                0 B
├ ○ /blog                                     414 B           674 kB
├ ● /blog/[slug]                              406 B           671 kB
├   ├ /blog/prica-marija-petrovic
├   ├ /blog/metodologija-ljubav-prema-ucenju
├   ├ /blog/5-razloga-obrazovna-fransiza
├   └ [+10 more paths]
├ ○ /button-test                              159 B           198 kB
├ ○ /faq                                      7.58 kB         665 kB
├ ○ /franchise-models                         4.89 kB         662 kB
├ ○ /fransiza-modeli                          9.46 kB         670 kB
├ ○ /fransiza/prijava                         4.91 kB         202 kB
├ ƒ /icon                                     0 B                0 B
├ ○ /iskustva                                 2.75 kB         901 kB
├ ● /iskustva/[slug]                          269 B           898 kB
├ ○ /kako-se-pridruziti                       7.06 kB         662 kB
├ ○ /kalkulatori                              82.7 kB        1.22 MB
├ ƒ /knjige                                   1.21 kB         672 kB
├ ● /knjige/[slug]                            806 B           672 kB
├   ├ /knjige/zimski-mir
├   ├ /knjige/jesenja-gozba
├   ├ /knjige/prolecna-zurba
├   └ /knjige/letnja-vreva
├ ○ /kontakt                                  349 B           198 kB
├ ○ /kvizovi                                  15.3 kB        1.15 MB
├ ○ /legal/privatnost                         1.52 kB         239 kB
├ ○ /legal/uslovi-koriscenja                  1.33 kB         238 kB
├ ○ /lokacije                                 8.63 kB         661 kB
├ ○ /methodology                              7.14 kB         671 kB
├ ○ /metodologija                             5.01 kB         665 kB
├ ƒ /monitoring                               0 B                0 B
├ ○ /o-autorki                                2.29 kB         900 kB
├ ○ /obuka-mentorstvo                         2.1 kB          242 kB
├ ○ /resursi                                  12.4 kB         665 kB
├ ○ /robots.txt                               0 B                0 B
├ ○ /sitemap.xml                              0 B                0 B
├ ƒ /studio/[[...index]]                      1.27 MB        1.94 MB
├ ○ /test-pdf                                 397 B           198 kB
├ ○ /ucionica                                 9.27 kB         669 kB
├ ○ /uspeh                                    10.6 kB         671 kB
└ ○ /zakazivanje                              11.9 kB         740 kB
+ First Load JS shared by all                 198 kB
  ├ chunks/52774a7f-51f0f8eae05d806e.js       36.4 kB
  ├ chunks/8708-ce617b46da48f63b.js           104 kB
  ├ chunks/fd9d1056-f705b863b825396f.js       53.6 kB
  └ other shared chunks (total)               3.53 kB


ƒ Middleware                                  75.7 kB

○  (Static)   prerendered as static content
●  (SSG)      prerendered as static HTML (uses getStaticProps)
ƒ  (Dynamic)  server-rendered on demand

